<?xml version="1.0" encoding="UTF-8"?>
<!-- Generated by org.testng.reporters.JUnitXMLReporter -->
<testsuite hostname="chk-PC" name="Test1" tests="1" failures="1" timestamp="10 Oct 2016 11:51:00 GMT" time="12.794" errors="0">
  <testcase name="add" time="12.762" classname="com.amp2application.crm">
    <failure type="java.lang.NullPointerException">
      <![CDATA[java.lang.NullPointerException
	at com.amp2application.crm.add(crm.java:34)
... Removed 27 stack frames]]>
    </failure>
  </testcase> <!-- add -->
</testsuite> <!-- Test1 -->
