-------------------------------------------------------------------------------
Test set: TestSuite
-------------------------------------------------------------------------------
Tests run: 1, Failures: 1, Errors: 0, Skipped: 0, Time elapsed: 13.427 sec <<< FAILURE! - in TestSuite
add(com.amp2application.crm)  Time elapsed: 12.798 sec  <<< FAILURE!
java.lang.NullPointerException
	at com.amp2application.crm.add(crm.java:34)

